<?xml version="1.0" encoding="UTF-8"?>
<testng-results ignored="0" total="2" passed="2" failed="0" skipped="0">
  <reporter-output>
  </reporter-output>
  <suite started-at="2022-04-06T16:18:59 IST" name="Suite" finished-at="2022-04-06T16:18:59 IST" duration-ms="138">
    <groups>
    </groups>
    <test started-at="2022-04-06T16:18:59 IST" name="Test" finished-at="2022-04-06T16:18:59 IST" duration-ms="138">
      <class name="com.testng_features.Parameterized_Test_Task">
        <test-method signature="credentials(java.lang.String,java.lang.String)[pri:0, instance:com.testng_features.Parameterized_Test_Task@15aab8c6]" started-at="2022-04-06T16:18:59 IST" name="credentials" finished-at="2022-04-06T16:18:59 IST" duration-ms="22" status="PASS">
          <params>
            <param index="0">
              <value>
                <![CDATA[Joseph]]>
              </value>
            </param>
            <param index="1">
              <value>
                <![CDATA[Joseph123]]>
              </value>
            </param>
          </params>
          <reporter-output>
          </reporter-output>
        </test-method> <!-- credentials -->
        <test-method signature="login(java.lang.String,java.lang.String)[pri:0, instance:com.testng_features.Parameterized_Test_Task@15aab8c6]" started-at="2022-04-06T16:18:59 IST" name="login" finished-at="2022-04-06T16:18:59 IST" duration-ms="6" status="PASS">
          <params>
            <param index="0">
              <value>
                <![CDATA[Joseph]]>
              </value>
            </param>
            <param index="1">
              <value>
                <![CDATA[Joseph123]]>
              </value>
            </param>
          </params>
          <reporter-output>
          </reporter-output>
        </test-method> <!-- login -->
      </class> <!-- com.testng_features.Parameterized_Test_Task -->
    </test> <!-- Test -->
  </suite> <!-- Suite -->
</testng-results>
